<?xml version="1.0" encoding="UTF-8"?>
<!-- Generated by org.testng.reporters.JUnitReportReporter -->
<testsuite hostname="Vivek" failures="0" tests="1" name="org.practice.Amazon" time="28.945" errors="0" timestamp="10 Aug 2023 07:18:56 GMT" skipped="0">
  <testcase classname="org.practice.Amazon" name="Select" time="28.945"/>
</testsuite> <!-- org.practice.Amazon -->
