<?xml version="1.0" encoding="UTF-8"?>
<!-- Generated by org.testng.reporters.JUnitReportReporter -->
<testsuite hostname="Vivek" failures="0" tests="2" name="org.practice.Movie" time="29.836" errors="0" timestamp="14 Aug 2023 05:23:55 GMT" skipped="0">
  <testcase classname="org.practice.Movie" name="imdb" time="24.381"/>
  <testcase classname="org.practice.Movie" name="wikipedia" time="5.455"/>
</testsuite> <!-- org.practice.Movie -->
