<?xml version="1.0" encoding="UTF-8"?>
<!-- Generated by org.testng.reporters.JUnitReportReporter -->
<testsuite hostname="Vivek" failures="0" tests="1" name="org.practice.Zomato" time="21.742" errors="0" timestamp="14 Aug 2023 05:27:43 GMT" skipped="0">
  <testcase classname="org.practice.Zomato" name="restaurant" time="21.742"/>
</testsuite> <!-- org.practice.Zomato -->
