<?xml version="1.0" encoding="UTF-8"?>
<!-- Generated by org.testng.reporters.JUnitReportReporter -->
<testsuite hostname="Vivek" failures="0" tests="2" name="org.practice.Harddisk" time="66.494" errors="0" timestamp="14 Aug 2023 05:07:05 GMT" skipped="0">
  <testcase classname="org.practice.Harddisk" name="amazon" time="39.033"/>
  <testcase classname="org.practice.Harddisk" name="filpkart" time="27.461"/>
</testsuite> <!-- org.practice.Harddisk -->
