<?xml version="1.0" encoding="UTF-8"?>
<!-- Generated by org.testng.reporters.JUnitReportReporter -->
<testsuite hostname="Vivek" failures="0" tests="15" name="org.practice.Adactin" time="39.042" errors="0" timestamp="25 Oct 2023 08:59:42 GMT" skipped="0">
  <testcase classname="org.practice.Adactin" name="verifyLogo" time="0.402"/>
  <testcase classname="org.practice.Adactin" name="verifyLogo" time="1.152"/>
  <testcase classname="org.practice.Adactin" name="verifyLogo" time="0.223"/>
  <testcase classname="org.practice.Adactin" name="login" time="1.151"/>
  <testcase classname="org.practice.Adactin" name="login" time="3.156"/>
  <testcase classname="org.practice.Adactin" name="login" time="1.608"/>
  <testcase classname="org.practice.Adactin" name="search" time="1.461"/>
  <testcase classname="org.practice.Adactin" name="search" time="2.049"/>
  <testcase classname="org.practice.Adactin" name="search" time="1.788"/>
  <testcase classname="org.practice.Adactin" name="select" time="1.584"/>
  <testcase classname="org.practice.Adactin" name="select" time="1.773"/>
  <testcase classname="org.practice.Adactin" name="select" time="1.399"/>
  <testcase classname="org.practice.Adactin" name="book" time="7.206"/>
  <testcase classname="org.practice.Adactin" name="book" time="7.474"/>
  <testcase classname="org.practice.Adactin" name="book" time="6.616"/>
</testsuite> <!-- org.practice.Adactin -->
